<?xml version="1.0" encoding="UTF-8"?>
<testng-results ignored="0" total="2" passed="2" failed="0" skipped="0">
  <reporter-output>
  </reporter-output>
  <suite started-at="2021-01-31T17:23:14 EST" name="Default suite" finished-at="2021-01-31T17:23:55 EST" duration-ms="40983">
    <groups>
    </groups>
    <test started-at="2021-01-31T17:23:14 EST" name="Default test" finished-at="2021-01-31T17:23:55 EST" duration-ms="40983">
      <class name="TestClass.LoginTest">
        <test-method is-config="true" signature="setup()[pri:0, instance:TestClass.LoginTest@175b9425]" started-at="2021-01-31T17:23:14 EST" name="setup" finished-at="2021-01-31T17:23:23 EST" duration-ms="8487" status="PASS">
          <reporter-output>
          </reporter-output>
        </test-method> <!-- setup -->
        <test-method signature="VerifyLogin()[pri:0, instance:TestClass.LoginTest@175b9425]" started-at="2021-01-31T17:23:23 EST" name="VerifyLogin" finished-at="2021-01-31T17:23:53 EST" duration-ms="30897" status="PASS">
          <reporter-output>
          </reporter-output>
        </test-method> <!-- VerifyLogin -->
        <test-method signature="VerifyLogout()[pri:0, instance:TestClass.LoginTest@175b9425]" started-at="2021-01-31T17:23:53 EST" name="VerifyLogout" finished-at="2021-01-31T17:23:55 EST" duration-ms="1545" status="PASS">
          <reporter-output>
          </reporter-output>
        </test-method> <!-- VerifyLogout -->
      </class> <!-- TestClass.LoginTest -->
    </test> <!-- Default test -->
  </suite> <!-- Default suite -->
</testng-results>
